<?xml version="1.0" encoding="UTF-8"?>
<testng-results ignored="0" total="1" passed="1" failed="0" skipped="0">
  <reporter-output>
    <line>
      <![CDATA[Browser is launched]]>
    </line>
    <line>
      <![CDATA[Login successful]]>
    </line>
    <line>
      <![CDATA[User entered correct email into email text field]]>
    </line>
    <line>
      <![CDATA[Subscribed to newsletter]]>
    </line>
  </reporter-output>
  <suite started-at="2024-03-12T23:26:26 GMT" name="Default suite" finished-at="2024-03-12T23:26:34 GMT" duration-ms="8401">
    <groups>
    </groups>
    <test started-at="2024-03-12T23:26:26 GMT" name="Default test" finished-at="2024-03-12T23:26:34 GMT" duration-ms="8401">
      <class name="TestSubscribeToNewsLetter">
        <test-method is-config="true" signature="launchBrowser(java.lang.String)[pri:0, instance:TestSubscribeToNewsLetter@a3d8174]" started-at="2024-03-12T23:26:26 GMT" name="launchBrowser" finished-at="2024-03-12T23:26:30 GMT" duration-ms="4093" status="PASS">
          <params>
            <param index="0">
              <value>
                <![CDATA[chrome]]>
              </value>
            </param>
          </params>
          <reporter-output>
            <line>
              <![CDATA[Browser is launched]]>
            </line>
          </reporter-output>
        </test-method> <!-- launchBrowser -->
        <test-method is-config="true" signature="login()[pri:0, instance:TestSubscribeToNewsLetter@a3d8174]" started-at="2024-03-12T23:26:30 GMT" name="login" finished-at="2024-03-12T23:26:31 GMT" duration-ms="981" status="PASS">
          <reporter-output>
          </reporter-output>
        </test-method> <!-- login -->
        <test-method signature="subscribe()[pri:0, instance:TestSubscribeToNewsLetter@a3d8174]" started-at="2024-03-12T23:26:31 GMT" name="subscribe" finished-at="2024-03-12T23:26:34 GMT" duration-ms="2546" status="PASS">
          <reporter-output>
            <line>
              <![CDATA[Login successful]]>
            </line>
            <line>
              <![CDATA[User entered correct email into email text field]]>
            </line>
            <line>
              <![CDATA[Subscribed to newsletter]]>
            </line>
          </reporter-output>
        </test-method> <!-- subscribe -->
        <test-method is-config="true" signature="logout()[pri:0, instance:TestSubscribeToNewsLetter@a3d8174]" started-at="2024-03-12T23:26:34 GMT" name="logout" finished-at="2024-03-12T23:26:34 GMT" duration-ms="548" status="PASS">
          <reporter-output>
          </reporter-output>
        </test-method> <!-- logout -->
        <test-method is-config="true" signature="quit()[pri:0, instance:TestSubscribeToNewsLetter@a3d8174]" started-at="2024-03-12T23:26:34 GMT" name="quit" finished-at="2024-03-12T23:26:34 GMT" duration-ms="201" status="PASS">
          <reporter-output>
          </reporter-output>
        </test-method> <!-- quit -->
      </class> <!-- TestSubscribeToNewsLetter -->
    </test> <!-- Default test -->
  </suite> <!-- Default suite -->
</testng-results>
